This is pdfTeX, Version 3.14159-1.00a-pretest-20010806 (Web2C 7.3.3.1) (format=pdflatex 2002.4.2)  3 APR 2002 22:06
**NanoXML-Lite.tex
(./NanoXML-Lite.tex{/usr/local/teTeX/share/texmf.local/pdftex/config/pdftex.cfg
}
LaTeX2e <2001/06/01>
Babel <v3.7h> and hyphenation patterns for american, french, dutch, nohyphenati
on, loaded.
(/usr/local/teTeX/share/texmf/tex/latex/base/book.cls
Document Class: book 2001/04/21 v1.4e Standard LaTeX document class
(/usr/local/teTeX/share/texmf/tex/latex/base/bk10.clo
File: bk10.clo 2001/04/21 v1.4e Standard LaTeX file (size option)
)
\c@part=\count79
\c@chapter=\count80
\c@section=\count81
\c@subsection=\count82
\c@subsubsection=\count83
\c@paragraph=\count84
\c@subparagraph=\count85
\c@figure=\count86
\c@table=\count87
\abovecaptionskip=\skip41
\belowcaptionskip=\skip42
\bibindent=\dimen102
)
(/usr/local/teTeX/share/texmf/tex/latex/hyperref/hyperref.sty
Package: hyperref 2001/11/12 v6.71v Hypertext links for LaTeX

(/usr/local/teTeX/share/texmf/tex/latex/graphics/keyval.sty
Package: keyval 1999/03/16 v1.13 key=value parser (DPC)
\KV@toks@=\toks14
)
\@linkdim=\dimen103
\Hy@linkcounter=\count88
\Hy@pagecounter=\count89

(/usr/local/teTeX/share/texmf/tex/latex/hyperref/pd1enc.def
File: pd1enc.def 2001/11/12 v6.71v Hyperref: PDFDocEncoding definition (HO)
)
Package hyperref Info: Bookmarks ON on input line 1712.
Package hyperref Info: Hyper figures OFF on input line 1731.
Package hyperref Info: Link nesting OFF on input line 1736.
Package hyperref Info: Hyper index ON on input line 1739.
Package hyperref Info: Plain pages ON on input line 1744.
Package hyperref Info: Backreferencing OFF on input line 1751.

Implicit mode ON; LaTeX internals redefined
(/usr/local/teTeX/share/texmf/tex/latex/misc/url.sty
\Urlmuskip=\muskip10
Package: url 1999/03/28  ver 1.5x  Verb mode for urls, etc.
)
LaTeX Info: Redefining \url on input line 1961.
\Fld@menulength=\count90
\Field@Width=\dimen104
\Fld@charsize=\dimen105
\Choice@toks=\toks15
\Field@toks=\toks16
Package hyperref Info: Hyper figures OFF on input line 2407.
Package hyperref Info: Link nesting OFF on input line 2412.
Package hyperref Info: Hyper index ON on input line 2415.
Package hyperref Info: backreferencing OFF on input line 2422.
Package hyperref Info: Link coloring OFF on input line 2427.
\c@Item=\count91
\c@Hfootnote=\count92
)
*hyperref using default driver hpdftex*
(/usr/local/teTeX/share/texmf/tex/latex/hyperref/hpdftex.def
File: hpdftex.def 2001/11/12 v6.71v Hyperref driver for pdfTeX

(/usr/local/teTeX/share/texmf/tex/latex/psnfss/pifont.sty
Package: pifont 2001/06/04 PSNFSS-v8.2 Pi font support (SPQR) 
LaTeX Font Info:    Try loading font information for U+pzd on input line 62.

(/usr/local/teTeX/share/texmf/tex/latex/psnfss/upzd.fd
File: upzd.fd 2001/06/04 font definitions for U/pzd.
)
LaTeX Font Info:    Try loading font information for U+psy on input line 63.

(/usr/local/teTeX/share/texmf/tex/latex/psnfss/upsy.fd
File: upsy.fd 2001/06/04 font definitions for U/psy.
))
\Fld@listcount=\count93
\@outlinefile=\write3
)
\@input{defs.aux}
\openout2 = `defs.aux'.

(./defs.tex
\c@calloutindex=\count94
) (./NanoXML-Lite.aux (./introduction.aux) (./retrieving_data.aux))
\openout1 = `NanoXML-Lite.aux'.

LaTeX Font Info:    Checking defaults for OML/cmm/m/it on input line 19.
LaTeX Font Info:    ... okay on input line 19.
LaTeX Font Info:    Checking defaults for T1/cmr/m/n on input line 19.
LaTeX Font Info:    ... okay on input line 19.
LaTeX Font Info:    Checking defaults for OT1/cmr/m/n on input line 19.
LaTeX Font Info:    ... okay on input line 19.
LaTeX Font Info:    Checking defaults for OMS/cmsy/m/n on input line 19.
LaTeX Font Info:    ... okay on input line 19.
LaTeX Font Info:    Checking defaults for OMX/cmex/m/n on input line 19.
LaTeX Font Info:    ... okay on input line 19.
LaTeX Font Info:    Checking defaults for U/cmr/m/n on input line 19.
LaTeX Font Info:    ... okay on input line 19.
LaTeX Font Info:    Checking defaults for PD1/pdf/m/n on input line 19.
LaTeX Font Info:    ... okay on input line 19.
Package hyperref Info: Link coloring OFF on input line 19.

(/usr/local/teTeX/share/texmf/tex/latex/hyperref/nameref.sty
Package: nameref 2001/01/27 v2.19 Cross-referencing by name of section
\c@section@level=\count95
)
LaTeX Info: Redefining \ref on input line 19.
LaTeX Info: Redefining \pageref on input line 19.

(./NanoXML-Lite.out) (./NanoXML-Lite.out)
\openout3 = `NanoXML-Lite.out'.

LaTeX Font Info:    External font `cmex10' loaded for size
(Font)              <12> on input line 22.
LaTeX Font Info:    External font `cmex10' loaded for size
(Font)              <8> on input line 22.
LaTeX Font Info:    External font `cmex10' loaded for size
(Font)              <6> on input line 22.
 [1





{/usr/local/teTeX/share/texmf/dvips/config/pdftex.map}{/usr/local/teTeX/share/t
exmf.os/dvips/config/Ttbbold.map}{/usr/local/teTeX/share/texmf.os/dvips/config/
wolfram.map}] [2

]
(./NanoXML-Lite.toc
LaTeX Font Info:    External font `cmex10' loaded for size
(Font)              <7> on input line 2.
LaTeX Font Info:    External font `cmex10' loaded for size
(Font)              <5> on input line 2.
)
\tf@toc=\write4
\openout4 = `NanoXML-Lite.toc'.

 [3]
\openout2 = `introduction.aux'.

 (./introduction.tex [4


]
Chapter 1.

Package hyperref Warning: Token not allowed in a PDFDocEncoded string,
(hyperref)                removing `\hbox' on input line 5.

LaTeX Font Info:    External font `cmex10' loaded for size
(Font)              <9> on input line 30.

Package hyperref Warning: Token not allowed in a PDFDocEncoded string,
(hyperref)                removing `\hbox' on input line 46.


Underfull \vbox (badness 2512) has occurred while \output is active []

 [5]

Package hyperref Warning: Token not allowed in a PDFDocEncoded string,
(hyperref)                removing `\hbox' on input line 69.

) [6]
\openout2 = `retrieving_data.aux'.

 (./retrieving_data.tex
Chapter 2.

Package hyperref Warning: Token not allowed in a PDFDocEncoded string,
(hyperref)                removing `\hbox' on input line 1.

LaTeX Font Info:    Try loading font information for OMS+cmtt on input line 14.

LaTeX Font Info:    No file OMScmtt.fd. on input line 14.

LaTeX Font Warning: Font shape `OMS/cmtt/m/n' undefined
(Font)              using `OMS/cmsy/m/n' instead on input line 14.

LaTeX Font Info:    Try loading font information for OMS+cmr on input line 31.
(/usr/local/teTeX/share/texmf/tex/latex/base/omscmr.fd
File: omscmr.fd 1999/05/25 v2.5h Standard LaTeX font definitions
)
LaTeX Font Info:    Font shape `OMS/cmr/m/n' in size <10> not available
(Font)              Font shape `OMS/cmsy/m/n' tried instead on input line 31.
 [7



]
Overfull \hbox (40.91605pt too wide) in paragraph at lines 91--93
[]/cmr10/You can enu-mer-ate the at-tribute names us-ing the method []: 
 []


Overfull \hbox (3.55515pt too wide) in paragraph at lines 109--111
[]/cmr10/The child el-e-ments can be enu-mer-ated us-ing the method []: 
 []

[8]

Package hyperref Warning: Token not allowed in a PDFDocEncoded string,
(hyperref)                removing `\hbox' on input line 132.

) [9] (./NanoXML-Lite.aux (./introduction.aux) (./retrieving_data.aux))

LaTeX Font Warning: Some font shapes were not available, defaults substituted.

 ) 
Here is how much of TeX's memory you used:
 1943 strings out of 10398
 26445 string characters out of 64259
 73231 words of memory out of 263001
 4914 multiletter control sequences out of 10000+0
 11744 words of font info for 41 fonts, out of 400000 for 1000
 54 hyphenation exceptions out of 1000
 27i,7n,41p,205b,258s stack positions out of 300i,100n,500p,50000b,4000s
</usr/local/teTeX/share/texmf/fonts/type1/bluesky/cm/cmtt10.pfb></usr/local/t
eTeX/share/texmf/fonts/type1/bluesky/cm/cmsy9.pfb></usr/local/teTeX/share/texmf
/fonts/type1/bluesky/cm/cmbx9.pfb></usr/local/teTeX/share/texmf/fonts/type1/blu
esky/cm/cmsy10.pfb></usr/local/teTeX/share/texmf/fonts/type1/bluesky/cm/cmtt9.p
fb></usr/local/teTeX/share/texmf/fonts/type1/bluesky/cm/cmmi9.pfb></usr/local/t
eTeX/share/texmf/fonts/type1/bluesky/cm/cmti10.pfb></usr/local/teTeX/share/texm
f/fonts/type1/bluesky/cm/cmsl10.pfb></usr/local/teTeX/share/texmf/fonts/type1/b
luesky/cm/cmbx10.pfb></usr/local/teTeX/share/texmf/fonts/type1/bluesky/cm/cmbx1
2.pfb></usr/local/teTeX/share/texmf/fonts/type1/bluesky/cm/cmr10.pfb></usr/loca
l/teTeX/share/texmf/fonts/type1/bluesky/cm/cmmi12.pfb></usr/local/teTeX/share/t
exmf/fonts/type1/bluesky/cm/cmr12.pfb></usr/local/teTeX/share/texmf/fonts/type1
/bluesky/cm/cmr17.pfb>
Output written on NanoXML-Lite.pdf (9 pages, 115276 bytes).
