This is pdfTeX, Version 3.14159-1.00a-pretest-20010806 (Web2C 7.3.3.1) (format=pdflatex 2002.2.3)  24 MAR 2002 14:28
**defs.tex
(./defs.tex{/usr/local/teTeX/share/texmf.local/pdftex/config/pdftex.cfg}
LaTeX2e <2001/06/01>
Babel <v3.7h> and hyphenation patterns for american, french, german, ngerman, n
ohyphenation, loaded.
\c@calloutindex=\count79
)
*
! Emergency stop.
<*> defs.tex
            
End of file on the terminal!

 
Here is how much of TeX's memory you used:
 30 strings out of 10429
 246 string characters out of 64603
 44508 words of memory out of 263001
 3127 multiletter control sequences out of 10000+0
 3640 words of font info for 14 fonts, out of 400000 for 1000
 14 hyphenation exceptions out of 1000
 9i,0n,12p,72b,7s stack positions out of 300i,100n,500p,50000b,4000s
No pages of output.
