\BOOKMARK [0][-]{chapter.1}{Introduction}{}
\BOOKMARK [1][-]{section.1.1}{About XML}{chapter.1}
\BOOKMARK [1][-]{section.1.2}{About NanoXML}{chapter.1}
\BOOKMARK [1][-]{section.1.3}{NanoXML 2}{chapter.1}
\BOOKMARK [1][-]{section.1.4}{NanoXML Extension to the XML System ID}{chapter.1}
\BOOKMARK [0][-]{chapter.2}{Retrieving Data From An XML Datasource}{}
\BOOKMARK [1][-]{section.2.1}{A Very Simple Example}{chapter.2}
\BOOKMARK [1][-]{section.2.2}{Analyzing The Data}{chapter.2}
\BOOKMARK [1][-]{section.2.3}{Generating XML}{chapter.2}
\BOOKMARK [1][-]{section.2.4}{Namespaces}{chapter.2}
\BOOKMARK [0][-]{chapter.3}{Retrieving Data From An XML Stream}{}
\BOOKMARK [1][-]{section.3.1}{The XML Builder}{chapter.3}
\BOOKMARK [1][-]{section.3.2}{Registering an XML Builder}{chapter.3}
\BOOKMARK [0][-]{chapter.4}{Advanced Topics}{}
\BOOKMARK [1][-]{section.4.1}{The NanoXML Reader}{chapter.4}
\BOOKMARK [1][-]{section.4.2}{The NanoXML Parser}{chapter.4}
\BOOKMARK [1][-]{section.4.3}{The NanoXML Validator}{chapter.4}
\BOOKMARK [1][-]{section.4.4}{The NanoXML Entity Resolvers}{chapter.4}
\BOOKMARK [2][-]{subsection.4.4.1}{Standard Entities}{section.4.4}
\BOOKMARK [2][-]{subsection.4.4.2}{Parameter Entities}{section.4.4}
\BOOKMARK [1][-]{section.4.5}{The NanoXML Builder}{chapter.4}
