This is pdfTeX, Version 3.14159-1.00a-pretest-20010806 (Web2C 7.3.3.1) (format=pdflatex 2002.4.2)  3 APR 2002 22:06
**NanoXML-Java.tex
(./NanoXML-Java.tex{/usr/local/teTeX/share/texmf.local/pdftex/config/pdftex.cfg
}
LaTeX2e <2001/06/01>
Babel <v3.7h> and hyphenation patterns for american, french, dutch, nohyphenati
on, loaded.
(/usr/local/teTeX/share/texmf/tex/latex/base/book.cls
Document Class: book 2001/04/21 v1.4e Standard LaTeX document class
(/usr/local/teTeX/share/texmf/tex/latex/base/bk10.clo
File: bk10.clo 2001/04/21 v1.4e Standard LaTeX file (size option)
)
\c@part=\count79
\c@chapter=\count80
\c@section=\count81
\c@subsection=\count82
\c@subsubsection=\count83
\c@paragraph=\count84
\c@subparagraph=\count85
\c@figure=\count86
\c@table=\count87
\abovecaptionskip=\skip41
\belowcaptionskip=\skip42
\bibindent=\dimen102
)
(/usr/local/teTeX/share/texmf/tex/latex/graphics/graphicx.sty
Package: graphicx 1999/02/16 v1.0f Enhanced LaTeX Graphics (DPC,SPQR)

(/usr/local/teTeX/share/texmf/tex/latex/graphics/keyval.sty
Package: keyval 1999/03/16 v1.13 key=value parser (DPC)
\KV@toks@=\toks14
)
(/usr/local/teTeX/share/texmf/tex/latex/graphics/graphics.sty
Package: graphics 2001/07/07 v1.0n Standard LaTeX Graphics (DPC,SPQR)

(/usr/local/teTeX/share/texmf/tex/latex/graphics/trig.sty
Package: trig 1999/03/16 v1.09 sin cos tan (DPC)
)
(/usr/local/teTeX/share/texmf/tex/latex/config/graphics.cfg
File: graphics.cfg 2001/08/31 v1.1 graphics configuration of teTeX/TeXLive
)
Package graphics Info: Driver file: pdftex.def on input line 80.

(/usr/local/teTeX/share/texmf/tex/latex/graphics/pdftex.def
File: pdftex.def 2001/11/29 v0.03i graphics/color for pdftex
\Gread@gobject=\count88
))
\Gin@req@height=\dimen103
\Gin@req@width=\dimen104
)
(/usr/local/teTeX/share/texmf/tex/latex/hyperref/hyperref.sty
Package: hyperref 2001/11/12 v6.71v Hypertext links for LaTeX
\@linkdim=\dimen105
\Hy@linkcounter=\count89
\Hy@pagecounter=\count90

(/usr/local/teTeX/share/texmf/tex/latex/hyperref/pd1enc.def
File: pd1enc.def 2001/11/12 v6.71v Hyperref: PDFDocEncoding definition (HO)
)
Package hyperref Info: Bookmarks ON on input line 1712.
Package hyperref Info: Hyper figures OFF on input line 1731.
Package hyperref Info: Link nesting OFF on input line 1736.
Package hyperref Info: Hyper index ON on input line 1739.
Package hyperref Info: Plain pages ON on input line 1744.
Package hyperref Info: Backreferencing OFF on input line 1751.

Implicit mode ON; LaTeX internals redefined
(/usr/local/teTeX/share/texmf/tex/latex/misc/url.sty
\Urlmuskip=\muskip10
Package: url 1999/03/28  ver 1.5x  Verb mode for urls, etc.
)
LaTeX Info: Redefining \url on input line 1961.
\Fld@menulength=\count91
\Field@Width=\dimen106
\Fld@charsize=\dimen107
\Choice@toks=\toks15
\Field@toks=\toks16
Package hyperref Info: Hyper figures OFF on input line 2407.
Package hyperref Info: Link nesting OFF on input line 2412.
Package hyperref Info: Hyper index ON on input line 2415.
Package hyperref Info: backreferencing OFF on input line 2422.
Package hyperref Info: Link coloring OFF on input line 2427.
\c@Item=\count92
\c@Hfootnote=\count93
)
*hyperref using default driver hpdftex*
(/usr/local/teTeX/share/texmf/tex/latex/hyperref/hpdftex.def
File: hpdftex.def 2001/11/12 v6.71v Hyperref driver for pdfTeX

(/usr/local/teTeX/share/texmf/tex/latex/psnfss/pifont.sty
Package: pifont 2001/06/04 PSNFSS-v8.2 Pi font support (SPQR) 
LaTeX Font Info:    Try loading font information for U+pzd on input line 62.

(/usr/local/teTeX/share/texmf/tex/latex/psnfss/upzd.fd
File: upzd.fd 2001/06/04 font definitions for U/pzd.
)
LaTeX Font Info:    Try loading font information for U+psy on input line 63.

(/usr/local/teTeX/share/texmf/tex/latex/psnfss/upsy.fd
File: upsy.fd 2001/06/04 font definitions for U/psy.
))
\Fld@listcount=\count94
\@outlinefile=\write3
)
\@input{defs.aux}
\openout2 = `defs.aux'.

(./defs.tex
\c@calloutindex=\count95
) (./NanoXML-Java.aux (./introduction.aux) (./retrieving_data.aux)
(./streaming_data.aux) (./advanced.aux))
\openout1 = `NanoXML-Java.aux'.

LaTeX Font Info:    Checking defaults for OML/cmm/m/it on input line 21.
LaTeX Font Info:    ... okay on input line 21.
LaTeX Font Info:    Checking defaults for T1/cmr/m/n on input line 21.
LaTeX Font Info:    ... okay on input line 21.
LaTeX Font Info:    Checking defaults for OT1/cmr/m/n on input line 21.
LaTeX Font Info:    ... okay on input line 21.
LaTeX Font Info:    Checking defaults for OMS/cmsy/m/n on input line 21.
LaTeX Font Info:    ... okay on input line 21.
LaTeX Font Info:    Checking defaults for OMX/cmex/m/n on input line 21.
LaTeX Font Info:    ... okay on input line 21.
LaTeX Font Info:    Checking defaults for U/cmr/m/n on input line 21.
LaTeX Font Info:    ... okay on input line 21.
LaTeX Font Info:    Checking defaults for PD1/pdf/m/n on input line 21.
LaTeX Font Info:    ... okay on input line 21.

(/usr/local/teTeX/share/texmf/tex/context/base/supp-pdf.tex
(/usr/local/teTeX/share/texmf/tex/context/base/supp-mis.tex
loading : Context Support Macros / Missing
\protectiondepth=\count96
\scratchcounter=\count97
\scratchtoks=\toks17
\scratchdimen=\dimen108
\scratchskip=\skip43
\scratchmuskip=\muskip11
\scratchbox=\box26
\scratchread=\read1
\scratchwrite=\write4
\zeropoint=\dimen109
\nextbox=\box27
\nextdepth=\dimen110
\everyline=\toks18
\!!counta=\count98
\!!countb=\count99
\recursecounter=\count100
)
loading : Context Support Macros / PDF
\nofMPsegments=\count101
\nofMParguments=\count102
\everyMPtoPDFconversion=\toks19
)
Package hyperref Info: Link coloring OFF on input line 21.
 (/usr/local/teTeX/share/texmf/tex/latex/hyperref/nameref.sty
Package: nameref 2001/01/27 v2.19 Cross-referencing by name of section
\c@section@level=\count103
)
LaTeX Info: Redefining \ref on input line 21.
LaTeX Info: Redefining \pageref on input line 21.

(./NanoXML-Java.out) (./NanoXML-Java.out)
\openout3 = `NanoXML-Java.out'.

LaTeX Font Info:    External font `cmex10' loaded for size
(Font)              <12> on input line 24.
LaTeX Font Info:    External font `cmex10' loaded for size
(Font)              <8> on input line 24.
LaTeX Font Info:    External font `cmex10' loaded for size
(Font)              <6> on input line 24.
 [1





{/usr/local/teTeX/share/texmf/dvips/config/pdftex.map}{/usr/local/teTeX/share/t
exmf.os/dvips/config/Ttbbold.map}{/usr/local/teTeX/share/texmf.os/dvips/config/
wolfram.map}] [2

]
(./NanoXML-Java.toc
LaTeX Font Info:    External font `cmex10' loaded for size
(Font)              <7> on input line 2.
LaTeX Font Info:    External font `cmex10' loaded for size
(Font)              <5> on input line 2.
)
\tf@toc=\write5
\openout5 = `NanoXML-Java.toc'.

 [3]
\openout2 = `introduction.aux'.

 (./introduction.tex [4


]
Chapter 1.

Package hyperref Warning: Token not allowed in a PDFDocEncoded string,
(hyperref)                removing `\hbox' on input line 5.

LaTeX Font Info:    External font `cmex10' loaded for size
(Font)              <9> on input line 30.

Package hyperref Warning: Token not allowed in a PDFDocEncoded string,
(hyperref)                removing `\hbox' on input line 46.


Underfull \vbox (badness 2512) has occurred while \output is active []

 [5]

Package hyperref Warning: Token not allowed in a PDFDocEncoded string,
(hyperref)                removing `\hbox' on input line 69.


Package hyperref Warning: Token not allowed in a PDFDocEncoded string,
(hyperref)                removing `\hbox' on input line 103.


Package hyperref Warning: Token not allowed in a PDFDocEncoded string,
(hyperref)                removing `\hbox' on input line 103.

[6]
Overfull \hbox (17.91728pt too wide) in paragraph at lines 110--113
[]/cmr10/This means that if the [] of the [] data is put in the re-source [],
 []

) [7]
\openout2 = `retrieving_data.aux'.

 (./retrieving_data.tex [8



]
Chapter 2.

Package hyperref Warning: Token not allowed in a PDFDocEncoded string,
(hyperref)                removing `\hbox' on input line 1.

LaTeX Font Info:    Try loading font information for OMS+cmtt on input line 19.

LaTeX Font Info:    No file OMScmtt.fd. on input line 19.

LaTeX Font Warning: Font shape `OMS/cmtt/m/n' undefined
(Font)              using `OMS/cmsy/m/n' instead on input line 19.

LaTeX Font Info:    Try loading font information for OMS+cmr on input line 38.
(/usr/local/teTeX/share/texmf/tex/latex/base/omscmr.fd
File: omscmr.fd 1999/05/25 v2.5h Standard LaTeX font definitions
)
LaTeX Font Info:    Font shape `OMS/cmr/m/n' in size <10> not available
(Font)              Font shape `OMS/cmsy/m/n' tried instead on input line 38.
 [9] [10]

Package hyperref Warning: Token not allowed in a PDFDocEncoded string,
(hyperref)                removing `\hbox' on input line 164.

[11]
Missing character: There is no ^^d5 in font cmr10!
 [12]) [13]
\openout2 = `streaming_data.aux'.

 (./streaming_data.tex [14



]
Chapter 3.

Package hyperref Warning: Token not allowed in a PDFDocEncoded string,
(hyperref)                removing `\hbox' on input line 1.


Package hyperref Warning: Token not allowed in a PDFDocEncoded string,
(hyperref)                removing `\hbox' on input line 5.

[15] [16]) [17]
\openout2 = `advanced.aux'.

 (./advanced.tex [18



]
Chapter 4.

Overfull \hbox (11.35252pt too wide) in paragraph at lines 7--10
[][] /cmr10/comes with one set of com-po-nents. Ex-cept for [],
 []

<structure.pdf, id=233, 442.60957pt x 435.63754pt>
File: structure.pdf Graphic file (type pdf)
 <use structure.pdf> [19 <./structure.pdf>]

Package hyperref Warning: Token not allowed in a PDFDocEncoded string,
(hyperref)                removing `\hbox' on input line 35.


Package hyperref Warning: Token not allowed in a PDFDocEncoded string,
(hyperref)                removing `\hbox' on input line 73.

[20]

Package hyperref Warning: Token not allowed in a PDFDocEncoded string,
(hyperref)                removing `\hbox' on input line 81.


Overfull \hbox (11.7926pt too wide) in paragraph at lines 117--117
[]      /cmbx9/this/cmtt9/.attributeWithInvalidValue(systemID, lineNr, /cmbx9/n
ull/cmtt9/, key, value); 
 []

[21]

Package hyperref Warning: Token not allowed in a PDFDocEncoded string,
(hyperref)                removing `\hbox' on input line 135.

[22]

Package hyperref Warning: Token not allowed in a PDFDocEncoded string,
(hyperref)                removing `\hbox' on input line 212.

[23] [24]
Overfull \hbox (6.60075pt too wide) in paragraph at lines 314--316
/cmr10/from the parser. Be-cause both [] and [] ex-tend [],
 []

[25] [26] [27]) [28] (./NanoXML-Java.aux (./introduction.aux)
(./retrieving_data.aux) (./streaming_data.aux) (./advanced.aux))

LaTeX Font Warning: Some font shapes were not available, defaults substituted.

 ) 
Here is how much of TeX's memory you used:
 2601 strings out of 10398
 34789 string characters out of 64259
 86873 words of memory out of 263001
 5503 multiletter control sequences out of 10000+0
 12051 words of font info for 42 fonts, out of 400000 for 1000
 54 hyphenation exceptions out of 1000
 27i,7n,41p,331b,302s stack positions out of 300i,100n,500p,50000b,4000s
</usr/local/teTeX/share/texmf/fonts/type1/bluesky/cm/cmtt10.pfb></usr/local/t
eTeX/share/texmf/fonts/type1/bluesky/cm/cmsy9.pfb></usr/local/teTeX/share/texmf
/fonts/type1/bluesky/cm/cmbx9.pfb></usr/local/teTeX/share/texmf/fonts/type1/blu
esky/cm/cmsy10.pfb></usr/local/teTeX/share/texmf/fonts/type1/bluesky/cm/cmtt9.p
fb></usr/local/teTeX/share/texmf/fonts/type1/bluesky/cm/cmmi9.pfb></usr/local/t
eTeX/share/texmf/fonts/type1/bluesky/cm/cmti10.pfb></usr/local/teTeX/share/texm
f/fonts/type1/bluesky/cm/cmsl10.pfb></usr/local/teTeX/share/texmf/fonts/type1/b
luesky/cm/cmbx10.pfb></usr/local/teTeX/share/texmf/fonts/type1/bluesky/cm/cmbx1
2.pfb></usr/local/teTeX/share/texmf/fonts/type1/bluesky/cm/cmr10.pfb></usr/loca
l/teTeX/share/texmf/fonts/type1/bluesky/cm/cmmi12.pfb></usr/local/teTeX/share/t
exmf/fonts/type1/bluesky/cm/cmr12.pfb></usr/local/teTeX/share/texmf/fonts/type1
/bluesky/cm/cmr17.pfb>
Output written on NanoXML-Java.pdf (28 pages, 213350 bytes).
